C51 COMPILER V9.01   DELAY                                                                 11/05/2018 10:27:17 PAGE 1   


C51 COMPILER V9.01, COMPILATION OF MODULE DELAY
OBJECT MODULE PLACED IN .\obj\delay.obj
COMPILER INVOKED BY: D:\Keil_v511\C51\BIN\C51.EXE code\system\src\delay.c LARGE BROWSE INTVECTOR(0X1800) INCDIR(.\code\a
                    -pp\inc;.\code\driver\inc;.\code\system\inc;.\code\usb) DEFINE(__KEIL_C51__) DEBUG OBJECTEXTEND PRINT(.\obj\delay.lst) OB
                    -JECT(.\obj\delay.obj)

line level    source

   1          
   2          #include "includes.h"
   3          
   4          //------------------------------------------------------------------------
   5          //      Description     :       delay 1us
   6          //      Parameters      :       n us
   7          //      Return          :       None
   8          //      Author          :       Sycreader
   9          //      Date            :       2013 - 11 - 27
  10          //------------------------------------------------------------------------
  11          void delay_1us(UINT8 delay_t)
  12          {
  13   1      #if (SYS_CLK == SYS_6MHZ)
                      delay_t -= 3;
                      do{
                              _nop_();_nop_();
                      }while(--delay_t);
              #elif (SYS_CLK == SYS_24MHZ)
  19   1              do{
  20   2                      _nop_();_nop_();_nop_();_nop_();_nop_();_nop_();
  21   2                      _nop_();_nop_();_nop_();_nop_();_nop_();_nop_();
  22   2                      _nop_();_nop_();_nop_();_nop_();_nop_();_nop_();
  23   2                      _nop_();_nop_();
  24   2              }while(--delay_t);
  25   1      #endif
  26   1      }
  27          
  28          
  29          //------------------------------------------------------------------------
  30          //      Description     :       delay 1ms
  31          //      Parameters      :       n ms
  32          //      Return          :       None
  33          //      Author          :       Sycreader
  34          //      Date            :       2013 - 11 - 27
  35          //------------------------------------------------------------------------
  36          void delay_1ms(UINT8 delay_t)
  37          {
  38   1              do{
  39   2                      delay_1us(250);
  40   2                      delay_1us(250);
  41   2                      delay_1us(250);
  42   2                      
  43   2                      /* us num revise */
  44   2              #if (SYS_CLK == SYS_6MHZ)
                              delay_1us(249);
                      #elif (SYS_CLK == SYS_24MHZ)
  47   2                      delay_1us(248);
  48   2              #endif
  49   2              }while(--delay_t);
  50   1      }
  51          
  52          

C51 COMPILER V9.01   DELAY                                                                 11/05/2018 10:27:17 PAGE 2   


MODULE INFORMATION:   STATIC OVERLAYABLE
   CODE SIZE        =     48    ----
   CONSTANT SIZE    =   ----    ----
   XDATA SIZE       =   ----    ----
   PDATA SIZE       =   ----    ----
   DATA SIZE        =   ----    ----
   IDATA SIZE       =   ----    ----
   BIT SIZE         =   ----    ----
END OF MODULE INFORMATION.


C51 COMPILATION COMPLETE.  0 WARNING(S),  0 ERROR(S)
