C51 COMPILER V9.01   DRV_CLOCK                                                             11/05/2018 10:27:16 PAGE 1   


C51 COMPILER V9.01, COMPILATION OF MODULE DRV_CLOCK
OBJECT MODULE PLACED IN .\obj\drv_clock.obj
COMPILER INVOKED BY: D:\Keil_v511\C51\BIN\C51.EXE code\driver\src\drv_clock.c LARGE BROWSE INTVECTOR(0X1800) INCDIR(.\co
                    -de\app\inc;.\code\driver\inc;.\code\system\inc;.\code\usb) DEFINE(__KEIL_C51__) DEBUG OBJECTEXTEND PRINT(.\obj\drv_clock
                    -.lst) OBJECT(.\obj\drv_clock.obj)

line level    source

   1          
   2          #include "includes.h"
   3          
   4          //------------------------------------------------------------------------
   5          //      Description     :       system clock config
   6          //      Parameters      :       None
   7          //      Return          :       None
   8          //      Author          :       Sycreader
   9          //      Date            :       2016 - 05 - 31
  10          //------------------------------------------------------------------------
  11          void colck_config(void)
  12          {
  13   1          _sfrb_bank0();
  14   1          
  15   1      #ifndef _EXT_OSC
  16   1              /* system clock control0 */
  17   1              CCON0 = (0 << 7) | // CSF
  18   1                              (0 << 4) | // SCS
  19   1                              (0 << 3) | // XLOSCE
  20   1                              (0 << 2) | // XHOSCE
  21   1                              (1 << 1) | // ILOSCE
  22   1                              (1 << 0) ; // IHOSCE
  23   1      #else
                      /* system clock control0 */
                      CCON0 = (0 << 7) | // CSF
                                      (2 << 4) | // SCS
                                      (0 << 3) | // XLOSCE
                                      (1 << 2) | // XHOSCE
                                      (1 << 1) | // ILOSCE
                                      (1 << 0) ; // IHOSCE
                      while(!(CCON0 & 0x80));
              #endif
  33   1      
  34   1          CCON1 = 0x00;
  35   1          CCON2 = 0x00;
  36   1      }
  37                          
  38                  
  39          


MODULE INFORMATION:   STATIC OVERLAYABLE
   CODE SIZE        =     11    ----
   CONSTANT SIZE    =   ----    ----
   XDATA SIZE       =   ----    ----
   PDATA SIZE       =   ----    ----
   DATA SIZE        =   ----    ----
   IDATA SIZE       =   ----    ----
   BIT SIZE         =   ----    ----
END OF MODULE INFORMATION.


C51 COMPILATION COMPLETE.  0 WARNING(S),  0 ERROR(S)
