C51 COMPILER V9.01   INITIAL                                                               11/05/2018 10:27:17 PAGE 1   


C51 COMPILER V9.01, COMPILATION OF MODULE INITIAL
OBJECT MODULE PLACED IN .\obj\initial.obj
COMPILER INVOKED BY: D:\Keil_v511\C51\BIN\C51.EXE code\system\src\initial.c LARGE BROWSE INTVECTOR(0X1800) INCDIR(.\code
                    -\app\inc;.\code\driver\inc;.\code\system\inc;.\code\usb) DEFINE(__KEIL_C51__) DEBUG OBJECTEXTEND PRINT(.\obj\initial.lst
                    -) OBJECT(.\obj\initial.obj)

line level    source

   1          
   2          #include "includes.h"
   3          
   4          //------------------------------------------------------------------------
   5          //      Description     :       mcu init
   6          //      Parameters      :       None
   7          //      Return          :       None
   8          //      Author          :       Sycreader
   9          //      Date            :       2016 - 05 - 31
  10          //------------------------------------------------------------------------
  11          void mcu_init(void)
  12          {
  13   1              colck_config();
  14   1              
  15   1              UsbDeInit();
  16   1              delay_1ms(10);
  17   1              
  18   1              io_init();
  19   1              //test_pin0 = !test_pin0;
  20   1              delay_1us(10);
  21   1              //test_pin0 = !test_pin0;
  22   1              
  23   1      #ifdef WDT_ENABLE
  24   1              watchdog_init(5); // 2S
  25   1      #endif /* WDT_ENABLE */
  26   1      
  27   1              timer0_init(1000);
  28   1              //pwm0_init(2025, 50);
  29   1      
  30   1      #ifndef _SPI_HARDWARE
  31   1              spi_init();
  32   1      #else
                      //serial_baud(S1, SPEED_1M);
                      //serial_mode(S1, SPI_LOW_FALLING_TX);
              #endif /* _SPI_HARDWARE */
  36   1      
  37   1      #ifdef _UART_EN
  38   1              uart0_init(UART_BAUD(9600), UART_8BIT);
  39   1      #endif /* _UART_EN */
  40   1      
  41   1          //uart0_send_byte(0xAA);
  42   1          //uart0_send_byte(0x55);
  43   1      
  44   1              it_config();
  45   1      
  46   1              /* project info */
  47   1              printf("---------------------------------------------------\r\n");
  48   1              printf("@Project      : OUR5025 Based 1D-Barcode Scanner\r\n");
  49   1              printf("@Main File    : "__FILE__"\r\n");
  50   1              printf("@Compile Date : "__DATE__"\r\n");
  51   1              printf("@Compile Time : "__TIME__"\r\n");
  52   1              printf("@Author       : Sycreader\r\n");
  53   1              printf("---------------------------------------------------\r\n");
C51 COMPILER V9.01   INITIAL                                                               11/05/2018 10:27:17 PAGE 2   

  54   1      }
  55          
  56          //------------------------------------------------------------------------
  57          //      Description     :       mcu init
  58          //      Parameters      :       None
  59          //      Return          :       None
  60          //      Author          :       Sycreader
  61          //      Date            :       2016 - 05 - 31
  62          //------------------------------------------------------------------------
  63          void RdSerialNum( UINT8* szBuf )
  64          {
  65   1          UINT8 uIndex8;
  66   1          UINT8 uAddr8 = 0x40;
  67   1      
  68   1          _sfrb_bank1();
  69   1      
  70   1          for( uIndex8 = 0; uIndex8 < 8; uIndex8 ++ )
  71   1          {
  72   2              EFADR1 = 0x00;
  73   2              EFADR0 = uAddr8 ++;
  74   2              EFCON = 0x74;
  75   2              EFCON = 0x16;
  76   2              while( EFCON & 0x80 == 0 )
  77   2              {
  78   3              }
  79   2              *szBuf ++ = EFBUF;
  80   2      
  81   2              EFCON &= ~0x80;
  82   2          }
  83   1      } 
  84          


MODULE INFORMATION:   STATIC OVERLAYABLE
   CODE SIZE        =    107    ----
   CONSTANT SIZE    =   ----    ----
   XDATA SIZE       =   ----       3
   PDATA SIZE       =   ----    ----
   DATA SIZE        =   ----    ----
   IDATA SIZE       =   ----    ----
   BIT SIZE         =   ----    ----
END OF MODULE INFORMATION.


C51 COMPILATION COMPLETE.  0 WARNING(S),  0 ERROR(S)
