C51 COMPILER V9.01   IT_CONFIG                                                             11/06/2018 09:43:02 PAGE 1   


C51 COMPILER V9.01, COMPILATION OF MODULE IT_CONFIG
OBJECT MODULE PLACED IN .\obj\it_config.obj
COMPILER INVOKED BY: D:\Keil_v511\C51\BIN\C51.EXE code\system\src\it_config.c LARGE BROWSE INTVECTOR(0X1800) INCDIR(.\co
                    -de\app\inc;.\code\driver\inc;.\code\system\inc;.\code\usb) DEFINE(__KEIL_C51__) DEBUG OBJECTEXTEND PRINT(.\obj\it_config
                    -.lst) OBJECT(.\obj\it_config.obj)

line level    source

   1          
   2          #include "includes.h"
   3          
   4          //------------------------------------------------------------------------
   5          //      Description     :       interrupt config
   6          //      Parameters      :       None
   7          //      Return          :       None
   8          //      Author          :       Sycreader
   9          //      Date            :       2016 - 05 - 31
  10          //------------------------------------------------------------------------
  11          void it_config(void)
  12          {
  13   1          _sfrb_bank0();
  14   1              
  15   1              IE0 = (0 << 7) | // global interrupt enable
  16   1                        (0 << 6) | // TPC0/TPC1 interrupt
  17   1                        (0 << 5) | // TIMER1 interrupt
  18   1                        (1 << 4) | // TIMER0 interrupt
  19   1                        (0 << 3) | // P3/P4 interrupt
  20   1                        (0 << 2) | // P2 interrupt
  21   1                        (0 << 1) | // P1 interrupt
  22   1                        (0 << 0);  // P0 interrupt
  23   1      
  24   1              IE1 = (0 << 7) | // CMP3 interrupt
  25   1                        (0 << 6) | // CMP2 interrupt
  26   1                        (0 << 5) | // CMP1 interrupt
  27   1                        (0 << 4) | // CMP0 interrupt
  28   1                        (0 << 3) | // UART0/1 Rx/Overrun interrupt
  29   1                        (0 << 2) | // ADC interrupt
  30   1                        (0 << 1) | // WDT/WUT interrupt
  31   1                        (0 << 0);  // LVD interrupt
  32   1      
  33   1              IE2 = (0 << 7) | // USB Ep3 OUT interrupt
  34   1                        (0 << 6) | // USB Ep3 IN interrupt
  35   1                        (0 << 5) | // USB Ep2 OUT interrupt
  36   1                        (0 << 4) | // USB Ep2 IN interrupt
  37   1                        (0 << 3) | // USB Ep1 OUT interrupt
  38   1                        (0 << 2) | // USB Ep1 IN interrupt
  39   1                        (1 << 1) | // USB Ep0 interrupt
  40   1                        (1 << 0);  // USB bus interrupt
  41   1      
  42   1              IE3 = (0 << 7) | // PWM5 indterrupt
  43   1                        (0 << 6) | // PWM4 indterrupt
  44   1                        (0 << 5) | // PWM3 indterrupt
  45   1                        (0 << 4) | // PWM2 indterrupt
  46   1                        (0 << 3) | // PWM1 indterrupt
  47   1                        (0 << 2) | // PWM0 indterrupt
  48   1                        (0 << 1) | // SPI/UART Tx interrupt
  49   1                        (0 << 0);  // PT0/PT1 interrupt
  50   1      }
  51          
  52          

C51 COMPILER V9.01   IT_CONFIG                                                             11/06/2018 09:43:02 PAGE 2   


MODULE INFORMATION:   STATIC OVERLAYABLE
   CODE SIZE        =     14    ----
   CONSTANT SIZE    =   ----    ----
   XDATA SIZE       =   ----    ----
   PDATA SIZE       =   ----    ----
   DATA SIZE        =   ----    ----
   IDATA SIZE       =   ----    ----
   BIT SIZE         =   ----    ----
END OF MODULE INFORMATION.


C51 COMPILATION COMPLETE.  0 WARNING(S),  0 ERROR(S)
