C51 COMPILER V9.01   MAIN                                                                  11/06/2018 16:30:12 PAGE 1   


C51 COMPILER V9.01, COMPILATION OF MODULE MAIN
OBJECT MODULE PLACED IN .\obj\main.obj
COMPILER INVOKED BY: D:\Keil_v511\C51\BIN\C51.EXE code\app\src\main.c LARGE BROWSE INTVECTOR(0X1800) INCDIR(.\code\app\i
                    -nc;.\code\driver\inc;.\code\system\inc;.\code\usb) DEFINE(__KEIL_C51__) DEBUG OBJECTEXTEND PRINT(.\obj\main.lst) OBJECT(
                    -.\obj\main.obj)

line level    source

   1          
   2          //#message "OUR3025+xn297l Based 2.4G Wireless Sacnner"
   3          
   4          /**
   5            ******************************************************************************
   6            * @file       Project/code/app/src/main.c
   7            * @author             Sycreader
   8            * @version    V1.0
   9            * @date               2015.02.07
  10            ******************************************************************************
  11            * @project    OUR3025 Based Wireless Data Transfer
  12            * @COPYRIGHT  Shenzhen Sycreader RFID Co.Ltd
  13            ******************************************************************************
  14            */
  15          
  16          #include "includes.h"
  17          
  18             UINT8 xxx[]= "0123456789abcdefghijklmnopqrstuvwxyzABCDEFGHIJKLMNOPQRSTUVWXYZ\r";
  19          
  20          
  21          
  22          
  23          int main(void)
  24          {
  25   1              mcu_init();
  26   1              //at24cxx_init();
  27   1                  
  28   1      #ifdef _RF_HOST
                      rf_host.beep = TRUE;
                      rf_host.status = RF_ONLINE;
              #else // RF_SLAVE
  32   1              rf_slave.status = RF_INITED;
  33   1              rf_slave.pkt_id = INIT_ID;
  34   1          //usb_connect();
  35   1          UsbInit(uUsbType);
  36   1      #endif
  37   1      
  38   1              EA = 1;
  39   1              
  40   1          if(rf_init())
  41   1          {
  42   2                  // RF init OK.
  43   2                  beep_ctrl(2, 100);
  44   2          }
  45   1          
  46   1      #ifdef RF_CARRIER
                  RF_Carrier(0);
                  //rf_host.status = RF_OFFLINE;
              #endif /* RF_CARRIER */
  50   1      
  51   1              while(1)
  52   1              {
  53   2                      watchdog_feed();
C51 COMPILER V9.01   MAIN                                                                  11/06/2018 16:30:12 PAGE 2   

  54   2                      
  55   2              #ifdef _RF_HOST
                              switch(rf_host.status)
                              {
                                      case RF_ONLINE:
                                              /* rf tx uart data */
                                              uart_to_rf();
                                              
                                              /* check battery */
                                              bat_pwr_check();
                                              break;
              
                                      case RF_PWR_OFF:
                                              /* rf power down */
                                              low_power_mode();
                                              rf_host.status = RF_ONLINE;
                                              break;
                                              
                                      default:
                                              break;
                              }
                      #else /* _RF_SLAVE */
  76   2                      switch(rf_slave.status)
  77   2                      {
  78   3                  #if 0//def _USB_CMD
                                      case RF_HIDCON:
                                              usb_int_disable();
                                              rf_hid_cmd();
                                              usb_int_enable();
                                              rf_slave.status = RF_ONLINE;
                                              break;
                          #endif /* _USB_HID */
  86   3                  
  87   3                              case RF_ONLINE:
  88   3                                      /* usb send rf data */
  89   3                                      rf_to_usb(DATA_MODE);
  90   3      
  91   3                                 /*≤‚ ‘*/
  92   3      //                                      usb_key_send(xxx,sizeof(xxx),2);
  93   3      //                                      delay_1ms(800);
  94   3      
  95   3      
  96   3      //                                      ReceiveCompleteAck();
  97   3      
  98   3                                      /*≤‚ ‘end*/
  99   3                                      break;
 100   3      
 101   3                              case RF_CONFIG:
 102   3                                      /* slave power on init */
 103   3                                      rf_slave_config();
 104   3                                      rf_slave.status = RF_ONLINE;
 105   3                                      break;
 106   3      
 107   3                              case RF_INITED:
 108   3                              //if(usb_connected())
 109   3                              rf_slave.status = RF_CONFIG;
 110   3                                  break;
 111   3                                      
 112   3                              case RF_UPD_S:
 113   3                                  rf_slave_update();
 114   3                                      rf_slave.status = RF_ONLINE;
 115   3                                  break;
C51 COMPILER V9.01   MAIN                                                                  11/06/2018 16:30:12 PAGE 3   

 116   3                                      
 117   3                              default:
 118   3                                      break;
 119   3                      }
 120   2              #endif
 121   2              }
 122   1      }
 123          
 124          


MODULE INFORMATION:   STATIC OVERLAYABLE
   CODE SIZE        =     98    ----
   CONSTANT SIZE    =   ----    ----
   XDATA SIZE       =     64    ----
   PDATA SIZE       =   ----    ----
   DATA SIZE        =   ----    ----
   IDATA SIZE       =   ----    ----
   BIT SIZE         =   ----    ----
END OF MODULE INFORMATION.


C51 COMPILATION COMPLETE.  0 WARNING(S),  0 ERROR(S)
