C51 COMPILER V9.01   USB_APP                                                               11/07/2018 15:35:05 PAGE 1   


C51 COMPILER V9.01, COMPILATION OF MODULE USB_APP
OBJECT MODULE PLACED IN .\obj\usb_app.obj
COMPILER INVOKED BY: D:\Keil_v511\C51\BIN\C51.EXE code\app\src\usb_app.c LARGE BROWSE INTVECTOR(0X1800) INCDIR(.\code\ap
                    -p\inc;.\code\driver\inc;.\code\system\inc;.\code\usb) DEFINE(__KEIL_C51__) DEBUG OBJECTEXTEND PRINT(.\obj\usb_app.lst) O
                    -BJECT(.\obj\usb_app.obj)

line level    source

   1          
   2          #include "includes.h"
   3          
   4          #ifdef _USB_CMD
   5          
   6          xdata usb_report_s usb_report _at_ 0x8200;// = {0};
   7          
   8          /*************************************************************************
   9          *       Function        :       usb_report_init
  10          *       Description :   init report data 
  11          *       Parameters      :       data_length -> report valid data length
  12          *       Return          :       None
  13          *       Author          :       Sycreader
  14          *       Date            :       2013 - 09 - 17
  15          ***************************************************************************/
  16          static void usb_report_init(UINT8 data_length)
  17          {
  18   1              /* clear usb report buff data first */
  19   1              memset(usb_report.dat_buff, 0 , _HID_CMD_LEN);
  20   1              
  21   1              usb_report.dat_buff[0] = 0x03;  // report id + 7 bytes 0
  22   1              // between all be zero
  23   1              usb_report.dat_buff[8] = 0xAA;//STX;    // data head
  24   1              usb_report.dat_buff[9] = 0;     // machine id
  25   1              usb_report.dat_buff[10] = data_length;//data length     
  26   1              //user data proc...
  27   1              usb_report.dat_buff[data_length + 12] = 0xBB;//ETX; // data end
  28   1      }
  29          
  30          
  31          /*************************************************************************
  32          *       Function        :       usb_return_status
  33          *       Description :   return err report 
  34          *       Parameters      :       err_type -> error type
  35          *       Return          :       None
  36          *       Author          :       Sycreader
  37          *       Date            :       2013 - 10 - 28
  38          ***************************************************************************/
  39          static void usb_ret_datas(void)
  40          {
  41   1          _sfrb_bank1();
  42   1      
  43   1              //Ep0_Send_Table(usb_report.dat_buff, 256);
  44   1              Ep0_Send_Table(usb_report.dat_buff, usb_report.dat_buff[10] + 5 + _CMD_STX_LEN);
  45   1      }
  46          
  47          
  48          /*************************************************************************
  49          *       Function        :       usb_return_status
  50          *       Description :   return err report 
  51          *       Parameters      :       err_type -> error type
  52          *       Return          :       None
  53          *       Author          :       Sycreader
C51 COMPILER V9.01   USB_APP                                                               11/07/2018 15:35:05 PAGE 2   

  54          *       Date            :       2013 - 10 - 28
  55          ***************************************************************************/
  56          static void usb_ret_status(UINT8 status, UINT8 ret_type)
  57          {
  58   1              usb_report_init(2); // 2 bytes data
  59   1      
  60   1              usb_report.dat_buff[11] = status;       // STATUS
  61   1              usb_report.dat_buff[12] = ret_type;     // ok
  62   1              
  63   1              /* XOR check for valid data (except STX+ETX) */
  64   1              usb_report.dat_buff[13] = usb_report.dat_buff[10] ^ \
  65   1                                                                usb_report.dat_buff[11] ^ \
  66   1                                                                usb_report.dat_buff[12];
  67   1          usb_ret_datas();
  68   1      }
  69          
  70          /*************************************************************************
  71          *       Function        :       usb_set_report
  72          *       Description :   usb set report
  73          *       Parameters      :       ulen -> fifo data length, pCmd -> usb cmd data
  74          *       Return          :       None
  75          *       Author          :       Sycreader
  76          *       Date            :       2013 - 09 - 17
  77          ***************************************************************************/
  78          void usb_report_out(UINT8 dat_cnt)
  79          {   
  80   1              if(0 == usb_report.dat_total)
  81   1              {
  82   2                      /* first time get valid data total length */
  83   2                      usb_report.dat_total = _wLengthl;
  84   2                      usb_report.dat_index = 0;
  85   2      
  86   2              if(dat_cnt > _CMD_STX_LEN)
  87   2              {
  88   3                      memcpy(&usb_report.dat_buff[usb_report.dat_index], &uEP0InOut[8], dat_cnt - _CMD_STX_LEN);
  89   3                      usb_report.dat_index += (dat_cnt - _CMD_STX_LEN);
  90   3                      }
  91   2              }
  92   1              else
  93   1              {
  94   2              memcpy(&usb_report.dat_buff[usb_report.dat_index], uEP0InOut, dat_cnt);
  95   2              usb_report.dat_index += dat_cnt;
  96   2              }
  97   1      }
  98          
  99          /*************************************************************************
 100          *       Function        :       usb_get_report
 101          *       Description :   usb get report
 102          *       Parameters      :       None
 103          *       Return          :       None
 104          *       Author          :       Sycreader
 105          *       Date            :       2013 - 09 - 17
 106          ***************************************************************************/
 107          void usb_report_in(void)
 108          {
 109   1              switch(usb_report.dat_buff[3]) // usb hid cmd
 110   1              {
 111   2                  case IAP_JUMP_S :
 112   2                      rf_slave.status = RF_UPD_S;
 113   2                      usb_ret_status(STATUS_OK, SET_OK);
 114   2                      break;
 115   2                      
C51 COMPILER V9.01   USB_APP                                                               11/07/2018 15:35:05 PAGE 3   

 116   2                      default:
 117   2                              usb_ret_status(STATUS_ERR, CMD_ERR); // error cmd
 118   2                              break;
 119   2              }
 120   1      }
 121          
 122          #endif /* _USB_HID */
 123          
 124          #ifdef _USB_TX
 125          
 126          #include "ascii2hid.h"
 127          
 128          //idata UINT8 usb_speed = 0;
 129          
 130          //;-------------------------------------------------------------;
 131          //; usb vcom send data, use ep2                                 ;
 132          //;-------------------------------------------------------------;
 133          void usb_speed_set(UINT8 usb_speed)
 134          {
 135   1          if(usb_speed == 0)
 136   1          {
 137   2              // No Delay.
 138   2          }
 139   1          else if(usb_speed == 1)
 140   1          {
 141   2              delay_1ms(1); // 1CHAR = 4MS
 142   2          }
 143   1          else if(usb_speed == 2)
 144   1          {
 145   2              delay_1ms(3); // 1CHAR = 8MS
 146   2          }
 147   1          else
 148   1          {
 149   2              delay_1ms(7); // 1CHAR = 16MS
 150   2          }
 151   1      }
 152          
 153          //;-------------------------------------------------------------;
 154          //; usb vcom send data, use ep2                                 ;
 155          //;-------------------------------------------------------------;
 156          void usb_gbk_input(UINT16 gbk,UINT8 speed)
 157          {
 158   1          UINT8 i, key[5];
 159   1      
 160   1          key[4] = gbk % 10;
 161   1          gbk /= 10;
 162   1          key[3] = gbk % 10;
 163   1          gbk /= 10;
 164   1          key[2] = gbk % 10;
 165   1          gbk /= 10;
 166   1          key[1] = gbk % 10;
 167   1          gbk /= 10;
 168   1          key[0] = gbk % 10;
 169   1          
 170   1          usb_key_report(0x04, 0);    usb_speed_set(speed);
 171   1          for(i = 0; i < 5; i++)
 172   1          {
 173   2              if(key[i] == 0)
 174   2              {
 175   3                  key[i] = hid_nk_0;
 176   3              }
 177   2              else
C51 COMPILER V9.01   USB_APP                                                               11/07/2018 15:35:05 PAGE 4   

 178   2              {
 179   3                  key[i] = key[i]-1+hid_nk_1;
 180   3              }
 181   2              usb_key_report(0x04, key[i]);   usb_speed_set(speed);
 182   2              usb_key_report(0x04, 0);                usb_speed_set(speed);
 183   2          }
 184   1          usb_key_report(0, 0);       usb_speed_set(speed);
 185   1      }
 186          
 187          /*************************************************************************
 188          *       Function        :       usb_key_send
 189          *       Description :   usb send usb key value
 190          *       Parameters      :       --send_buff -> pointer to data buff to be send
 191          *                                       --length -> send data length
 192          *                                       --type -> 0 : Composite keys, !0 : single keys
 193          *       Return          :       None
 194          *       Author          :       Sycreader
 195          *       Date            :       2016 - 05 - 25
 196          ***************************************************************************/
 197          static char yyy[] = "0123456789abcdefghijklmnopqrstuvwxyzABCDEFGHIJKLMNOPQRSTUVWXYZ";
 198          static BOOL datacheck(UINT8 *send_buff, UINT16 length)
 199          {
 200   1              uint8 i;
 201   1              if(length != sizeof(yyy))
 202   1                      return FALSE;
 203   1      
 204   1              for(i=0;i<length-1;i++)
 205   1              {
 206   2                      if(yyy[i] != send_buff[i])
 207   2                      {
 208   3                              return FALSE;
 209   3                      }
 210   2              }
 211   1              if(0x0d != send_buff[length-1])
 212   1              {
 213   2                      return FALSE;   
 214   2              }
 215   1      
 216   1              return TRUE;
 217   1      }
 218          
 219          static uint8 countBuf[7]={0,0,0,0,0,0,'\r'};
 220          
 221          static void countBufHandle(void)
 222          {
 223   1              uint8 carry=0,i=5;
 224   1              
 225   1              do{
 226   2                      carry = 0;      
 227   2                      countBuf[i]++;
 228   2                      if(countBuf[i] == 10)
 229   2                      {
 230   3                              countBuf[i] = 0;
 231   3                              carry = 1;      
 232   3                              i--;
 233   3                              if(i==0xff)
 234   3                              {
 235   4                                      return;
 236   4                              }
 237   3                      }
 238   2              }while(carry);
 239   1      }
C51 COMPILER V9.01   USB_APP                                                               11/07/2018 15:35:05 PAGE 5   

 240          BOOL usb_key_send(UINT8 *send_buff, UINT16 length, UINT8 speed)
 241          {
 242   1              
 243   1              UINT8 dat_buff[8] = {0};
 244   1              UINT8 index;
 245   1              UINT8 tmp;
 246   1      
 247   1              countBufHandle();
 248   1      
 249   1              //测试端数据判断
 250   1              if(!datacheck(send_buff,length))
 251   1              {
 252   2                      send_buff[0]='e';
 253   2                      send_buff[1]='r';
 254   2                      send_buff[2]='r';
 255   2                      send_buff[3]='o';
 256   2                      send_buff[4]='r';
 257   2                      send_buff[5] ='\r';
 258   2                      length=6;
 259   2              }
 260   1              else
 261   1              {
 262   2                      send_buff[0]=countBuf[0] + '0';
 263   2                      send_buff[1]=countBuf[1] + '0';
 264   2                      send_buff[2]=countBuf[2] + '0';
 265   2                      send_buff[3]=countBuf[3] + '0';
 266   2                      send_buff[4]=countBuf[4] + '0';
 267   2                      send_buff[5]=countBuf[5] + '0';
 268   2                      send_buff[6] ='\r';
 269   2                      length=7;
 270   2              }
 271   1              
 272   1          while(length--)
 273   1          {
 274   2              /* usb device should have enum finished and not in suspend state */
 275   2              if(( uDevState != _U_CONFIGURED_STATE_ ) || ( uUsbState & _U_SUSPEND_ ))
 276   2              {
 277   3                  delay_1ms(50);
 278   3                  return FALSE;
 279   3              }
 280   2              
 281   2              watchdog_feed();
 282   2      
 283   2              index = *send_buff++;
 284   2      
 285   2      
 286   2              if(index == 0xFF) // gbk head sign
 287   2              {
 288   3                  if(length >= 2)
 289   3                  {
 290   4                      UINT16 gbk;
 291   4                      
 292   4                      gbk = *send_buff++;
 293   4                      gbk <<= 8;
 294   4                      gbk += *send_buff++;
 295   4                      length -=2;
 296   4                      
 297   4                      usb_gbk_input(gbk,speed);
 298   4                      continue;
 299   4                  }
 300   3                  else // not valid len
 301   3                  {
C51 COMPILER V9.01   USB_APP                                                               11/07/2018 15:35:05 PAGE 6   

 302   4                      return FALSE;
 303   4                  }
 304   3              }
 305   2              else
 306   2              {
 307   3                      if(index >= 0x20)
 308   3                                      usb_gbk_input(index,speed);
 309   3                              else    //防止有些测试软件打印不了换行符号，只能使用键值
 310   3                              {
 311   4      
 312   4                                      tmp = (lang_ptr[0])[index].hid;
 313   4                                      
 314   4                                      if(tmp == 0x00)
 315   4                                              continue;
 316   4                                              
 317   4                                      dat_buff[2] = tmp;
 318   4                                      dat_buff[0] = (lang_ptr[0])[index].func;
 319   4                                      //dat_buff[0] = lang_p.func;
 320   4                              
 321   4      
 322   4                              
 323   4                                      /* USB Key Send */
 324   4                                      Ep1_Send(dat_buff, 8);
 325   4                                      usb_speed_set(speed);
 326   4                                      
 327   4                                      /* USB key Clear */
 328   4                                      dat_buff[0] = 0;
 329   4                                      dat_buff[2] = 0;
 330   4                                      Ep1_Send(dat_buff, 8);
 331   4                                      usb_speed_set(speed);
 332   4                              }
 333   3              }
 334   2      
 335   2          }
 336   1      
 337   1          return TRUE;
 338   1      }
 339          #endif /* _USB_TX */
 340          
 341          void usb_int_disable(void)
 342          {
 343   1          _sfrb_bank0();
 344   1          IE2 &= ~ 0x03;
 345   1      }
 346          
 347          void usb_int_enable(void)
 348          {
 349   1          _sfrb_bank0();
 350   1          IE2 |= 0x03;
 351   1      }
 352          


MODULE INFORMATION:   STATIC OVERLAYABLE
   CODE SIZE        =   1357    ----
   CONSTANT SIZE    =      8    ----
   XDATA SIZE       =     70      36
   PDATA SIZE       =   ----    ----
   DATA SIZE        =   ----    ----
   IDATA SIZE       =   ----    ----
   BIT SIZE         =   ----    ----
END OF MODULE INFORMATION.

C51 COMPILER V9.01   USB_APP                                                               11/07/2018 15:35:05 PAGE 7   


C51 COMPILATION COMPLETE.  0 WARNING(S),  0 ERROR(S)
